# JRE version: Java(TM) SE Runtime Environment (17.0.9+11) (build 17.0.9+11-LTS-201)
# Java VM: Java HotSpot(TM) 64-Bit Server VM (17.0.9+11-LTS-201, mixed mode, sharing, tiered, compressed oops, compressed class ptrs, g1 gc, windows-amd64)
GC Precious Log:
 CPUs: 4 total, 4 available
 Memory: 12112M
 Large Page Support: Disabled
 NUMA Support: Disabled
 Compressed Oops: Enabled (32-bit)
 Heap Region Size: 1M
 Heap Min Capacity: 256M
 Heap Initial Capacity: 256M
 Heap Max Capacity: 512M
 Pre-touch: Disabled
 Parallel Workers: 4
 Concurrent Workers: 1
 Concurrent Refinement Workers: 4
 Periodic GC: Disabled
Heap:
 garbage-first heap   total 262144K, used 176083K [0x00000000e0000000, 0x0000000100000000)
  region size 1024K, 68 young (69632K), 2 survivors (2048K)
 Metaspace       used 76983K, committed 77952K, reserved 344064K
  class space    used 10302K, committed 10752K, reserved 212992K
GC Heap History (20 events):
Event: 20.094 GC heap before
{Heap before GC invocations=27 (full 0):
 garbage-first heap   total 262144K, used 217214K [0x00000000e0000000, 0x0000000100000000)
  region size 1024K, 153 young (156672K), 5 survivors (5120K)
 Metaspace       used 41243K, committed 41728K, reserved 278528K
  class space    used 5688K, committed 5888K, reserved 212992K
}
Event: 20.096 GC heap after
{Heap after GC invocations=28 (full 0):
 garbage-first heap   total 262144K, used 61003K [0x00000000e0000000, 0x0000000100000000)
  region size 1024K, 4 young (4096K), 4 survivors (4096K)
 Metaspace       used 41243K, committed 41728K, reserved 278528K
  class space    used 5688K, committed 5888K, reserved 212992K
}
Event: 20.419 GC heap before
{Heap before GC invocations=28 (full 0):
 garbage-first heap   total 262144K, used 213579K [0x00000000e0000000, 0x0000000100000000)
  region size 1024K, 153 young (156672K), 4 survivors (4096K)
 Metaspace       used 41243K, committed 41728K, reserved 278528K
  class space    used 5688K, committed 5888K, reserved 212992K
}
Event: 20.423 GC heap after
{Heap after GC invocations=29 (full 0):
 garbage-first heap   total 262144K, used 63177K [0x00000000e0000000, 0x0000000100000000)
  region size 1024K, 6 young (6144K), 6 survivors (6144K)
 Metaspace       used 41243K, committed 41728K, reserved 278528K
  class space    used 5688K, committed 5888K, reserved 212992K
}
Event: 20.858 GC heap before
{Heap before GC invocations=29 (full 0):
 garbage-first heap   total 262144K, used 219849K [0x00000000e0000000, 0x0000000100000000)
  region size 1024K, 153 young (156672K), 6 survivors (6144K)
 Metaspace       used 41310K, committed 41792K, reserved 278528K
  class space    used 5688K, committed 5888K, reserved 212992K
}
Event: 20.860 GC heap after
{Heap after GC invocations=30 (full 0):
 garbage-first heap   total 262144K, used 64451K [0x00000000e0000000, 0x0000000100000000)
  region size 1024K, 4 young (4096K), 4 survivors (4096K)
 Metaspace       used 41310K, committed 41792K, reserved 278528K
  class space    used 5688K, committed 5888K, reserved 212992K
}
Event: 23.551 GC heap before
{Heap before GC invocations=30 (full 0):
 garbage-first heap   total 262144K, used 228291K [0x00000000e0000000, 0x0000000100000000)
  region size 1024K, 153 young (156672K), 4 survivors (4096K)
 Metaspace       used 53013K, committed 53632K, reserved 278528K
  class space    used 7360K, committed 7680K, reserved 212992K
}
Event: 23.577 GC heap after
{Heap after GC invocations=31 (full 0):
 garbage-first heap   total 262144K, used 86568K [0x00000000e0000000, 0x0000000100000000)
  region size 1024K, 15 young (15360K), 15 survivors (15360K)
 Metaspace       used 53013K, committed 53632K, reserved 278528K
  class space    used 7360K, committed 7680K, reserved 212992K
}
Event: 27.348 GC heap before
{Heap before GC invocations=31 (full 0):
 garbage-first heap   total 262144K, used 200232K [0x00000000e0000000, 0x0000000100000000)
  region size 1024K, 127 young (130048K), 15 survivors (15360K)
 Metaspace       used 60981K, committed 61696K, reserved 278528K
  class space    used 8519K, committed 8832K, reserved 212992K
}
Event: 27.375 GC heap after
{Heap after GC invocations=32 (full 0):
 garbage-first heap   total 262144K, used 98588K [0x00000000e0000000, 0x0000000100000000)
  region size 1024K, 12 young (12288K), 12 survivors (12288K)
 Metaspace       used 60981K, committed 61696K, reserved 278528K
  class space    used 8519K, committed 8832K, reserved 212992K
}
Event: 31.150 GC heap before
{Heap before GC invocations=33 (full 0):
 garbage-first heap   total 262144K, used 212252K [0x00000000e0000000, 0x0000000100000000)
  region size 1024K, 124 young (126976K), 12 survivors (12288K)
 Metaspace       used 66296K, committed 67008K, reserved 278528K
  class space    used 9033K, committed 9344K, reserved 212992K
}
Event: 31.161 GC heap after
{Heap after GC invocations=34 (full 0):
 garbage-first heap   total 262144K, used 102399K [0x00000000e0000000, 0x0000000100000000)
  region size 1024K, 4 young (4096K), 4 survivors (4096K)
 Metaspace       used 66296K, committed 67008K, reserved 278528K
  class space    used 9033K, committed 9344K, reserved 212992K
}
Event: 31.312 GC heap before
{Heap before GC invocations=34 (full 0):
 garbage-first heap   total 262144K, used 109567K [0x00000000e0000000, 0x0000000100000000)
  region size 1024K, 12 young (12288K), 4 survivors (4096K)
 Metaspace       used 66325K, committed 67008K, reserved 278528K
  class space    used 9033K, committed 9344K, reserved 212992K
}
Event: 31.318 GC heap after
{Heap after GC invocations=35 (full 0):
 garbage-first heap   total 262144K, used 102364K [0x00000000e0000000, 0x0000000100000000)
  region size 1024K, 2 young (2048K), 2 survivors (2048K)
 Metaspace       used 66325K, committed 67008K, reserved 278528K
  class space    used 9033K, committed 9344K, reserved 212992K
}
Event: 134.035 GC heap before
{Heap before GC invocations=35 (full 0):
 garbage-first heap   total 262144K, used 213980K [0x00000000e0000000, 0x0000000100000000)
  region size 1024K, 112 young (114688K), 2 survivors (2048K)
 Metaspace       used 72415K, committed 73280K, reserved 278528K
  class space    used 9754K, committed 10112K, reserved 212992K
}
Event: 134.044 GC heap after
{Heap after GC invocations=36 (full 0):
 garbage-first heap   total 262144K, used 106514K [0x00000000e0000000, 0x0000000100000000)
  region size 1024K, 6 young (6144K), 6 survivors (6144K)
 Metaspace       used 72415K, committed 73280K, reserved 278528K
  class space    used 9754K, committed 10112K, reserved 212992K
}
Event: 165.433 GC heap before
{Heap before GC invocations=37 (full 0):
 garbage-first heap   total 262144K, used 213010K [0x00000000e0000000, 0x0000000100000000)
  region size 1024K, 113 young (115712K), 6 survivors (6144K)
 Metaspace       used 75798K, committed 76736K, reserved 344064K
  class space    used 10137K, committed 10560K, reserved 212992K
}
Event: 165.449 GC heap after
{Heap after GC invocations=38 (full 0):
 garbage-first heap   total 262144K, used 109280K [0x00000000e0000000, 0x0000000100000000)
  region size 1024K, 11 young (11264K), 11 survivors (11264K)
 Metaspace       used 75798K, committed 76736K, reserved 344064K
  class space    used 10137K, committed 10560K, reserved 212992K
}
Event: 165.451 GC heap before
{Heap before GC invocations=38 (full 0):
 garbage-first heap   total 262144K, used 110304K [0x00000000e0000000, 0x0000000100000000)
  region size 1024K, 12 young (12288K), 11 survivors (11264K)
 Metaspace       used 75798K, committed 76736K, reserved 344064K
  class space    used 10137K, committed 10560K, reserved 212992K
}
Event: 165.464 GC heap after
{Heap after GC invocations=39 (full 0):
 garbage-first heap   total 262144K, used 109523K [0x00000000e0000000, 0x0000000100000000)
  region size 1024K, 2 young (2048K), 2 survivors (2048K)
 Metaspace       used 75798K, committed 76736K, reserved 344064K
  class space    used 10137K, committed 10560K, reserved 212992K
}

