# JRE version: Java(TM) SE Runtime Environment (17.0.9+11) (build 17.0.9+11-LTS-201)
# Java VM: Java HotSpot(TM) 64-Bit Server VM (17.0.9+11-LTS-201, mixed mode, sharing, tiered, compressed oops, compressed class ptrs, g1 gc, windows-amd64)
GC Precious Log:
 CPUs: 4 total, 4 available
 Memory: 12112M
 Large Page Support: Disabled
 NUMA Support: Disabled
 Compressed Oops: Enabled (32-bit)
 Heap Region Size: 1M
 Heap Min Capacity: 256M
 Heap Initial Capacity: 256M
 Heap Max Capacity: 512M
 Pre-touch: Disabled
 Parallel Workers: 4
 Concurrent Workers: 1
 Concurrent Refinement Workers: 4
 Periodic GC: Disabled
Heap:
 garbage-first heap   total 262144K, used 65310K [0x00000000e0000000, 0x0000000100000000)
  region size 1024K, 29 young (29696K), 9 survivors (9216K)
 Metaspace       used 56697K, committed 57216K, reserved 278528K
  class space    used 7871K, committed 8064K, reserved 212992K
GC Heap History (20 events):
Event: 0.363 GC heap before
{Heap before GC invocations=0 (full 0):
 garbage-first heap   total 262144K, used 15360K [0x00000000e0000000, 0x0000000100000000)
  region size 1024K, 13 young (13312K), 0 survivors (0K)
 Metaspace       used 957K, committed 1088K, reserved 278528K
  class space    used 75K, committed 128K, reserved 212992K
}
Event: 0.365 GC heap after
{Heap after GC invocations=1 (full 0):
 garbage-first heap   total 262144K, used 3423K [0x00000000e0000000, 0x0000000100000000)
  region size 1024K, 2 young (2048K), 2 survivors (2048K)
 Metaspace       used 957K, committed 1088K, reserved 278528K
  class space    used 75K, committed 128K, reserved 212992K
}
Event: 0.769 GC heap before
{Heap before GC invocations=1 (full 0):
 garbage-first heap   total 262144K, used 21855K [0x00000000e0000000, 0x0000000100000000)
  region size 1024K, 18 young (18432K), 2 survivors (2048K)
 Metaspace       used 3797K, committed 3968K, reserved 278528K
  class space    used 474K, committed 576K, reserved 212992K
}
Event: 0.772 GC heap after
{Heap after GC invocations=2 (full 0):
 garbage-first heap   total 262144K, used 9602K [0x00000000e0000000, 0x0000000100000000)
  region size 1024K, 3 young (3072K), 3 survivors (3072K)
 Metaspace       used 3797K, committed 3968K, reserved 278528K
  class space    used 474K, committed 576K, reserved 212992K
}
Event: 1.078 GC heap before
{Heap before GC invocations=2 (full 0):
 garbage-first heap   total 262144K, used 32130K [0x00000000e0000000, 0x0000000100000000)
  region size 1024K, 25 young (25600K), 3 survivors (3072K)
 Metaspace       used 3946K, committed 4160K, reserved 278528K
  class space    used 476K, committed 576K, reserved 212992K
}
Event: 1.082 GC heap after
{Heap after GC invocations=3 (full 0):
 garbage-first heap   total 262144K, used 12978K [0x00000000e0000000, 0x0000000100000000)
  region size 1024K, 4 young (4096K), 4 survivors (4096K)
 Metaspace       used 3946K, committed 4160K, reserved 278528K
  class space    used 476K, committed 576K, reserved 212992K
}
Event: 3.249 GC heap before
{Heap before GC invocations=3 (full 0):
 garbage-first heap   total 262144K, used 114354K [0x00000000e0000000, 0x0000000100000000)
  region size 1024K, 104 young (106496K), 4 survivors (4096K)
 Metaspace       used 21227K, committed 21504K, reserved 278528K
  class space    used 3178K, committed 3328K, reserved 212992K
}
Event: 3.260 GC heap after
{Heap after GC invocations=4 (full 0):
 garbage-first heap   total 262144K, used 20717K [0x00000000e0000000, 0x0000000100000000)
  region size 1024K, 12 young (12288K), 12 survivors (12288K)
 Metaspace       used 21227K, committed 21504K, reserved 278528K
  class space    used 3178K, committed 3328K, reserved 212992K
}
Event: 4.892 GC heap before
{Heap before GC invocations=5 (full 0):
 garbage-first heap   total 262144K, used 122093K [0x00000000e0000000, 0x0000000100000000)
  region size 1024K, 109 young (111616K), 12 survivors (12288K)
 Metaspace       used 35535K, committed 35968K, reserved 278528K
  class space    used 4910K, committed 5120K, reserved 212992K
}
Event: 4.911 GC heap after
{Heap after GC invocations=6 (full 0):
 garbage-first heap   total 262144K, used 30167K [0x00000000e0000000, 0x0000000100000000)
  region size 1024K, 10 young (10240K), 10 survivors (10240K)
 Metaspace       used 35535K, committed 35968K, reserved 278528K
  class space    used 4910K, committed 5120K, reserved 212992K
}
Event: 7.162 GC heap before
{Heap before GC invocations=7 (full 0):
 garbage-first heap   total 262144K, used 145879K [0x00000000e0000000, 0x0000000100000000)
  region size 1024K, 123 young (125952K), 10 survivors (10240K)
 Metaspace       used 46246K, committed 46784K, reserved 278528K
  class space    used 6590K, committed 6848K, reserved 212992K
}
Event: 7.178 GC heap after
{Heap after GC invocations=8 (full 0):
 garbage-first heap   total 262144K, used 37526K [0x00000000e0000000, 0x0000000100000000)
  region size 1024K, 9 young (9216K), 9 survivors (9216K)
 Metaspace       used 46246K, committed 46784K, reserved 278528K
  class space    used 6590K, committed 6848K, reserved 212992K
}
Event: 8.533 GC heap before
{Heap before GC invocations=8 (full 0):
 garbage-first heap   total 262144K, used 184982K [0x00000000e0000000, 0x0000000100000000)
  region size 1024K, 153 young (156672K), 9 survivors (9216K)
 Metaspace       used 46346K, committed 46848K, reserved 278528K
  class space    used 6591K, committed 6848K, reserved 212992K
}
Event: 8.542 GC heap after
{Heap after GC invocations=9 (full 0):
 garbage-first heap   total 262144K, used 37926K [0x00000000e0000000, 0x0000000100000000)
  region size 1024K, 9 young (9216K), 9 survivors (9216K)
 Metaspace       used 46346K, committed 46848K, reserved 278528K
  class space    used 6591K, committed 6848K, reserved 212992K
}
Event: 10.315 GC heap before
{Heap before GC invocations=9 (full 0):
 garbage-first heap   total 262144K, used 185382K [0x00000000e0000000, 0x0000000100000000)
  region size 1024K, 153 young (156672K), 9 survivors (9216K)
 Metaspace       used 53946K, committed 54464K, reserved 278528K
  class space    used 7584K, committed 7808K, reserved 212992K
}
Event: 10.330 GC heap after
{Heap after GC invocations=10 (full 0):
 garbage-first heap   total 262144K, used 44315K [0x00000000e0000000, 0x0000000100000000)
  region size 1024K, 15 young (15360K), 15 survivors (15360K)
 Metaspace       used 53946K, committed 54464K, reserved 278528K
  class space    used 7584K, committed 7808K, reserved 212992K
}
Event: 13.074 GC heap before
{Heap before GC invocations=10 (full 0):
 garbage-first heap   total 262144K, used 184603K [0x00000000e0000000, 0x0000000100000000)
  region size 1024K, 153 young (156672K), 15 survivors (15360K)
 Metaspace       used 56687K, committed 57216K, reserved 278528K
  class space    used 7871K, committed 8064K, reserved 212992K
}
Event: 13.088 GC heap after
{Heap after GC invocations=11 (full 0):
 garbage-first heap   total 262144K, used 44830K [0x00000000e0000000, 0x0000000100000000)
  region size 1024K, 8 young (8192K), 8 survivors (8192K)
 Metaspace       used 56687K, committed 57216K, reserved 278528K
  class space    used 7871K, committed 8064K, reserved 212992K
}
Event: 14.958 GC heap before
{Heap before GC invocations=11 (full 0):
 garbage-first heap   total 262144K, used 193310K [0x00000000e0000000, 0x0000000100000000)
  region size 1024K, 153 young (156672K), 8 survivors (8192K)
 Metaspace       used 56697K, committed 57216K, reserved 278528K
  class space    used 7871K, committed 8064K, reserved 212992K
}
Event: 14.967 GC heap after
{Heap after GC invocations=12 (full 0):
 garbage-first heap   total 262144K, used 45854K [0x00000000e0000000, 0x0000000100000000)
  region size 1024K, 9 young (9216K), 9 survivors (9216K)
 Metaspace       used 56697K, committed 57216K, reserved 278528K
  class space    used 7871K, committed 8064K, reserved 212992K
}

